<?xml version="1.0" encoding="UTF-8"?>
<!-- Generated by org.testng.reporters.JUnitXMLReporter -->
<testsuite hostname="LTIN120789" ignored="0" name="Default test" tests="3" failures="0" timestamp="09 Mar 2021 17:09:51 GMT" time="42.846" errors="0">
  <testcase name="startdriverinstance" time="15.624" classname="testcases.TC_001"/>
  <testcase name="startdriverinstance" time="13.325" classname="testcases.TC_003"/>
  <testcase name="startdriverinstance" time="13.851" classname="testcases.TC_002"/>
</testsuite> <!-- Default test -->
