<?xml version="1.0" encoding="UTF-8"?>
<testng-results skipped="0" failed="0" ignored="0" total="3" passed="3">
  <reporter-output>
  </reporter-output>
  <suite name="Default suite" duration-ms="42846" started-at="2021-03-09T17:09:08Z" finished-at="2021-03-09T17:09:51Z">
    <groups>
    </groups>
    <test name="Default test" duration-ms="42846" started-at="2021-03-09T17:09:08Z" finished-at="2021-03-09T17:09:51Z">
      <class name="testcases.TC_002">
        <test-method status="PASS" signature="startdriverinstance()[pri:0, instance:testcases.TC_002@5c7fa833]" name="startdriverinstance" duration-ms="13851" started-at="2021-03-09T22:39:37Z" finished-at="2021-03-09T22:39:51Z">
          <reporter-output>
          </reporter-output>
        </test-method> <!-- startdriverinstance -->
      </class> <!-- testcases.TC_002 -->
      <class name="testcases.TC_001">
        <test-method status="PASS" signature="startdriverinstance()[pri:0, instance:testcases.TC_001@1b604f19]" name="startdriverinstance" duration-ms="15624" started-at="2021-03-09T22:39:08Z" finished-at="2021-03-09T22:39:24Z">
          <reporter-output>
          </reporter-output>
        </test-method> <!-- startdriverinstance -->
      </class> <!-- testcases.TC_001 -->
      <class name="testcases.TC_003">
        <test-method status="PASS" signature="startdriverinstance()[pri:0, instance:testcases.TC_003@457e2f02]" name="startdriverinstance" duration-ms="13325" started-at="2021-03-09T22:39:24Z" finished-at="2021-03-09T22:39:37Z">
          <reporter-output>
          </reporter-output>
        </test-method> <!-- startdriverinstance -->
      </class> <!-- testcases.TC_003 -->
    </test> <!-- Default test -->
  </suite> <!-- Default suite -->
</testng-results>
